c:\users\jonas\desktop\openglengine\basicopenglengine\basicopenglengine\x64\release\vc142.pdb
c:\users\jonas\desktop\openglengine\basicopenglengine\basicopenglengine\x64\release\spotlight.obj
c:\users\jonas\desktop\openglengine\basicopenglengine\basicopenglengine\x64\release\basicopenglengine.obj
c:\users\jonas\desktop\openglengine\basicopenglengine\basicopenglengine\x64\release\texture.obj
c:\users\jonas\desktop\openglengine\basicopenglengine\basicopenglengine\x64\release\shader.obj
c:\users\jonas\desktop\openglengine\basicopenglengine\basicopenglengine\x64\release\pointlight.obj
c:\users\jonas\desktop\openglengine\basicopenglengine\basicopenglengine\x64\release\mywindow.obj
c:\users\jonas\desktop\openglengine\basicopenglengine\basicopenglengine\x64\release\mesh.obj
c:\users\jonas\desktop\openglengine\basicopenglengine\basicopenglengine\x64\release\material.obj
c:\users\jonas\desktop\openglengine\basicopenglengine\basicopenglengine\x64\release\light.obj
c:\users\jonas\desktop\openglengine\basicopenglengine\basicopenglengine\x64\release\directionallight.obj
c:\users\jonas\desktop\openglengine\basicopenglengine\basicopenglengine\x64\release\camera.obj
c:\users\jonas\desktop\openglengine\basicopenglengine\x64\release\basicopenglengine.exe
c:\users\jonas\desktop\openglengine\basicopenglengine\basicopenglengine\x64\release\basicopenglengine.ipdb
c:\users\jonas\desktop\openglengine\basicopenglengine\basicopenglengine\x64\release\basicopenglengine.iobj
c:\users\jonas\desktop\openglengine\basicopenglengine\x64\release\basicopenglengine.pdb
c:\users\jonas\desktop\openglengine\basicopenglengine\basicopenglengine\x64\release\basicope.9464d3c5.tlog\cl.command.1.tlog
c:\users\jonas\desktop\openglengine\basicopenglengine\basicopenglengine\x64\release\basicope.9464d3c5.tlog\cl.read.1.tlog
c:\users\jonas\desktop\openglengine\basicopenglengine\basicopenglengine\x64\release\basicope.9464d3c5.tlog\cl.write.1.tlog
c:\users\jonas\desktop\openglengine\basicopenglengine\basicopenglengine\x64\release\basicope.9464d3c5.tlog\link.command.1.tlog
c:\users\jonas\desktop\openglengine\basicopenglengine\basicopenglengine\x64\release\basicope.9464d3c5.tlog\link.read.1.tlog
c:\users\jonas\desktop\openglengine\basicopenglengine\basicopenglengine\x64\release\basicope.9464d3c5.tlog\link.write.1.tlog
